<?xml version="1.0" encoding="UTF-8"?>
<testng-results skipped="0" failed="17" total="17" passed="0">
  <reporter-output>
  </reporter-output>
  <suite name="Suite" duration-ms="4122078" started-at="2019-05-23T20:30:03Z" finished-at="2019-05-23T21:38:45Z">
    <groups>
    </groups>
    <test name="Test" duration-ms="4122078" started-at="2019-05-23T20:30:03Z" finished-at="2019-05-23T21:38:45Z">
      <class name="Test.CO_ILP.Executionbatchfile_CO_ILP">
        <test-method status="PASS" signature="setup()[pri:0, instance:Test.CO_ILP.Executionbatchfile_CO_ILP@3f0ee7cb]" name="setup" is-config="true" duration-ms="24246" started-at="2019-05-24T02:00:03Z" finished-at="2019-05-24T02:00:27Z">
          <reporter-output>
          </reporter-output>
        </test-method> <!-- setup -->
        <test-method status="PASS" signature="initialize()[pri:0, instance:Test.CO_ILP.Executionbatchfile_CO_ILP@3f0ee7cb]" name="initialize" is-config="true" duration-ms="1733" started-at="2019-05-24T02:00:27Z" finished-at="2019-05-24T02:00:29Z">
          <reporter-output>
          </reporter-output>
        </test-method> <!-- initialize -->
        <test-method status="FAIL" signature="Loan_PmtAllExceptLast_DepLast_Clear_Return_()[pri:42, instance:Test.CO_ILP.Executionbatchfile_CO_ILP@3f0ee7cb]" name="Loan_PmtAllExceptLast_DepLast_Clear_Return_" duration-ms="77392" started-at="2019-05-24T02:00:29Z" finished-at="2019-05-24T02:01:46Z">
          <exception class="org.openqa.selenium.NoSuchFrameException">
            <message>
              <![CDATA[No frame element found by name or id topFrame
Build info: version: '3.11.0', revision: 'e59cfb3', time: '2018-03-11T20:33:08.638Z'
System info: host: 'QTLSYS2-34', ip: '192.168.2.34', os.name: 'Windows 7', os.arch: 'amd64', os.version: '6.1', java.version: '1.8.0_202'
Driver info: driver.version: unknown]]>
            </message>
            <full-stacktrace>
              <![CDATA[org.openqa.selenium.NoSuchFrameException: No frame element found by name or id topFrame
Build info: version: '3.11.0', revision: 'e59cfb3', time: '2018-03-11T20:33:08.638Z'
System info: host: 'QTLSYS2-34', ip: '192.168.2.34', os.name: 'Windows 7', os.arch: 'amd64', os.version: '6.1', java.version: '1.8.0_202'
Driver info: driver.version: unknown
	at org.openqa.selenium.remote.RemoteWebDriver$RemoteTargetLocator.frame(RemoteWebDriver.java:884)
	at Test.CO_ILP.Executionbatchfile_CO_ILP.RegistrationPage_NewLoan_ILP(Executionbatchfile_CO_ILP.java:10926)
	at Test.CO_ILP.Executionbatchfile_CO_ILP.Loan_PmtAllExceptLast_DepLast_Clear_Return_(Executionbatchfile_CO_ILP.java:36762)
	at sun.reflect.NativeMethodAccessorImpl.invoke0(Native Method)
	at sun.reflect.NativeMethodAccessorImpl.invoke(Unknown Source)
	at sun.reflect.DelegatingMethodAccessorImpl.invoke(Unknown Source)
	at java.lang.reflect.Method.invoke(Unknown Source)
	at org.testng.internal.MethodInvocationHelper.invokeMethod(MethodInvocationHelper.java:85)
	at org.testng.internal.Invoker.invokeMethod(Invoker.java:639)
	at org.testng.internal.Invoker.invokeTestMethod(Invoker.java:816)
	at org.testng.internal.Invoker.invokeTestMethods(Invoker.java:1124)
	at org.testng.internal.TestMethodWorker.invokeTestMethods(TestMethodWorker.java:125)
	at org.testng.internal.TestMethodWorker.run(TestMethodWorker.java:108)
	at org.testng.TestRunner.privateRun(TestRunner.java:774)
	at org.testng.TestRunner.run(TestRunner.java:624)
	at org.testng.SuiteRunner.runTest(SuiteRunner.java:359)
	at org.testng.SuiteRunner.runSequentially(SuiteRunner.java:354)
	at org.testng.SuiteRunner.privateRun(SuiteRunner.java:312)
	at org.testng.SuiteRunner.run(SuiteRunner.java:261)
	at org.testng.SuiteRunnerWorker.runSuite(SuiteRunnerWorker.java:52)
	at org.testng.SuiteRunnerWorker.run(SuiteRunnerWorker.java:86)
	at org.testng.TestNG.runSuitesSequentially(TestNG.java:1215)
	at org.testng.TestNG.runSuitesLocally(TestNG.java:1140)
	at org.testng.TestNG.run(TestNG.java:1048)
	at org.testng.TestNG.privateMain(TestNG.java:1355)
	at org.testng.TestNG.main(TestNG.java:1324)
]]>
            </full-stacktrace>
          </exception> <!-- org.openqa.selenium.NoSuchFrameException -->
          <reporter-output>
          </reporter-output>
        </test-method> <!-- Loan_PmtAllExceptLast_DepLast_Clear_Return_ -->
        <test-method status="PASS" signature="getResult(org.testng.ITestResult)[pri:0, instance:Test.CO_ILP.Executionbatchfile_CO_ILP@3f0ee7cb]" name="getResult" is-config="true" duration-ms="1166" started-at="2019-05-24T02:01:46Z" finished-at="2019-05-24T02:01:47Z">
          <params>
            <param index="0">
              <value>
                <![CDATA[[TestResult name=Loan_PmtAllExceptLast_DepLast_Clear_Return_ status=FAILURE method=Executionbatchfile_CO_ILP.Loan_PmtAllExceptLast_DepLast_Clear_Return_()[pri:42, instance:Test.CO_ILP.Executionbatchfile_CO_ILP@3f0ee7cb] output={null}]]]>
              </value>
            </param>
          </params>
          <reporter-output>
          </reporter-output>
        </test-method> <!-- getResult -->
        <test-method status="PASS" signature="tearDown()[pri:0, instance:Test.CO_ILP.Executionbatchfile_CO_ILP@3f0ee7cb]" name="tearDown" is-config="true" duration-ms="22" started-at="2019-05-24T02:01:47Z" finished-at="2019-05-24T02:01:47Z">
          <reporter-output>
          </reporter-output>
        </test-method> <!-- tearDown -->
        <test-method status="FAIL" signature="Loan_1stdeposit_clr_payoff_clear_return_()[pri:43, instance:Test.CO_ILP.Executionbatchfile_CO_ILP@3f0ee7cb]" name="Loan_1stdeposit_clr_payoff_clear_return_" duration-ms="214981" started-at="2019-05-24T02:01:47Z" finished-at="2019-05-24T02:05:22Z">
          <exception class="org.openqa.selenium.NoSuchFrameException">
            <message>
              <![CDATA[No frame element found by name or id topFrame
Build info: version: '3.11.0', revision: 'e59cfb3', time: '2018-03-11T20:33:08.638Z'
System info: host: 'QTLSYS2-34', ip: '192.168.2.34', os.name: 'Windows 7', os.arch: 'amd64', os.version: '6.1', java.version: '1.8.0_202'
Driver info: driver.version: unknown]]>
            </message>
            <full-stacktrace>
              <![CDATA[org.openqa.selenium.NoSuchFrameException: No frame element found by name or id topFrame
Build info: version: '3.11.0', revision: 'e59cfb3', time: '2018-03-11T20:33:08.638Z'
System info: host: 'QTLSYS2-34', ip: '192.168.2.34', os.name: 'Windows 7', os.arch: 'amd64', os.version: '6.1', java.version: '1.8.0_202'
Driver info: driver.version: unknown
	at org.openqa.selenium.remote.RemoteWebDriver$RemoteTargetLocator.frame(RemoteWebDriver.java:884)
	at Test.CO_ILP.Executionbatchfile_CO_ILP.RegistrationPage_NewLoan_ILP(Executionbatchfile_CO_ILP.java:10926)
	at Test.CO_ILP.Executionbatchfile_CO_ILP.Loan_1stdeposit_clr_payoff_clear_return_(Executionbatchfile_CO_ILP.java:36834)
	at sun.reflect.NativeMethodAccessorImpl.invoke0(Native Method)
	at sun.reflect.NativeMethodAccessorImpl.invoke(Unknown Source)
	at sun.reflect.DelegatingMethodAccessorImpl.invoke(Unknown Source)
	at java.lang.reflect.Method.invoke(Unknown Source)
	at org.testng.internal.MethodInvocationHelper.invokeMethod(MethodInvocationHelper.java:85)
	at org.testng.internal.Invoker.invokeMethod(Invoker.java:639)
	at org.testng.internal.Invoker.invokeTestMethod(Invoker.java:816)
	at org.testng.internal.Invoker.invokeTestMethods(Invoker.java:1124)
	at org.testng.internal.TestMethodWorker.invokeTestMethods(TestMethodWorker.java:125)
	at org.testng.internal.TestMethodWorker.run(TestMethodWorker.java:108)
	at org.testng.TestRunner.privateRun(TestRunner.java:774)
	at org.testng.TestRunner.run(TestRunner.java:624)
	at org.testng.SuiteRunner.runTest(SuiteRunner.java:359)
	at org.testng.SuiteRunner.runSequentially(SuiteRunner.java:354)
	at org.testng.SuiteRunner.privateRun(SuiteRunner.java:312)
	at org.testng.SuiteRunner.run(SuiteRunner.java:261)
	at org.testng.SuiteRunnerWorker.runSuite(SuiteRunnerWorker.java:52)
	at org.testng.SuiteRunnerWorker.run(SuiteRunnerWorker.java:86)
	at org.testng.TestNG.runSuitesSequentially(TestNG.java:1215)
	at org.testng.TestNG.runSuitesLocally(TestNG.java:1140)
	at org.testng.TestNG.run(TestNG.java:1048)
	at org.testng.TestNG.privateMain(TestNG.java:1355)
	at org.testng.TestNG.main(TestNG.java:1324)
]]>
            </full-stacktrace>
          </exception> <!-- org.openqa.selenium.NoSuchFrameException -->
          <reporter-output>
          </reporter-output>
        </test-method> <!-- Loan_1stdeposit_clr_payoff_clear_return_ -->
        <test-method status="PASS" signature="getResult(org.testng.ITestResult)[pri:0, instance:Test.CO_ILP.Executionbatchfile_CO_ILP@3f0ee7cb]" name="getResult" is-config="true" duration-ms="136" started-at="2019-05-24T02:05:22Z" finished-at="2019-05-24T02:05:22Z">
          <params>
            <param index="0">
              <value>
                <![CDATA[[TestResult name=Loan_1stdeposit_clr_payoff_clear_return_ status=FAILURE method=Executionbatchfile_CO_ILP.Loan_1stdeposit_clr_payoff_clear_return_()[pri:43, instance:Test.CO_ILP.Executionbatchfile_CO_ILP@3f0ee7cb] output={null}]]]>
              </value>
            </param>
          </params>
          <reporter-output>
          </reporter-output>
        </test-method> <!-- getResult -->
        <test-method status="PASS" signature="tearDown()[pri:0, instance:Test.CO_ILP.Executionbatchfile_CO_ILP@3f0ee7cb]" name="tearDown" is-config="true" duration-ms="18" started-at="2019-05-24T02:05:22Z" finished-at="2019-05-24T02:05:22Z">
          <reporter-output>
          </reporter-output>
        </test-method> <!-- tearDown -->
        <test-method status="FAIL" signature="AA_Loan1stInsatallmentEODbatchprocess_Cure_Default()[pri:44, instance:Test.CO_ILP.Executionbatchfile_CO_ILP@3f0ee7cb]" name="AA_Loan1stInsatallmentEODbatchprocess_Cure_Default" duration-ms="67622" started-at="2019-05-24T02:05:22Z" finished-at="2019-05-24T02:06:30Z">
          <exception class="org.openqa.selenium.NoSuchFrameException">
            <message>
              <![CDATA[No frame element found by name or id topFrame
Build info: version: '3.11.0', revision: 'e59cfb3', time: '2018-03-11T20:33:08.638Z'
System info: host: 'QTLSYS2-34', ip: '192.168.2.34', os.name: 'Windows 7', os.arch: 'amd64', os.version: '6.1', java.version: '1.8.0_202'
Driver info: driver.version: unknown]]>
            </message>
            <full-stacktrace>
              <![CDATA[org.openqa.selenium.NoSuchFrameException: No frame element found by name or id topFrame
Build info: version: '3.11.0', revision: 'e59cfb3', time: '2018-03-11T20:33:08.638Z'
System info: host: 'QTLSYS2-34', ip: '192.168.2.34', os.name: 'Windows 7', os.arch: 'amd64', os.version: '6.1', java.version: '1.8.0_202'
Driver info: driver.version: unknown
	at org.openqa.selenium.remote.RemoteWebDriver$RemoteTargetLocator.frame(RemoteWebDriver.java:884)
	at Pages.BorrowerRegistrationpage.RegistrationPage_NewLoan_COILP(BorrowerRegistrationpage.java:4997)
	at Test.CO_ILP.Executionbatchfile_CO_ILP.AA_Loan1stInsatallmentEODbatchprocess_Cure_Default(Executionbatchfile_CO_ILP.java:36897)
	at sun.reflect.NativeMethodAccessorImpl.invoke0(Native Method)
	at sun.reflect.NativeMethodAccessorImpl.invoke(Unknown Source)
	at sun.reflect.DelegatingMethodAccessorImpl.invoke(Unknown Source)
	at java.lang.reflect.Method.invoke(Unknown Source)
	at org.testng.internal.MethodInvocationHelper.invokeMethod(MethodInvocationHelper.java:85)
	at org.testng.internal.Invoker.invokeMethod(Invoker.java:639)
	at org.testng.internal.Invoker.invokeTestMethod(Invoker.java:816)
	at org.testng.internal.Invoker.invokeTestMethods(Invoker.java:1124)
	at org.testng.internal.TestMethodWorker.invokeTestMethods(TestMethodWorker.java:125)
	at org.testng.internal.TestMethodWorker.run(TestMethodWorker.java:108)
	at org.testng.TestRunner.privateRun(TestRunner.java:774)
	at org.testng.TestRunner.run(TestRunner.java:624)
	at org.testng.SuiteRunner.runTest(SuiteRunner.java:359)
	at org.testng.SuiteRunner.runSequentially(SuiteRunner.java:354)
	at org.testng.SuiteRunner.privateRun(SuiteRunner.java:312)
	at org.testng.SuiteRunner.run(SuiteRunner.java:261)
	at org.testng.SuiteRunnerWorker.runSuite(SuiteRunnerWorker.java:52)
	at org.testng.SuiteRunnerWorker.run(SuiteRunnerWorker.java:86)
	at org.testng.TestNG.runSuitesSequentially(TestNG.java:1215)
	at org.testng.TestNG.runSuitesLocally(TestNG.java:1140)
	at org.testng.TestNG.run(TestNG.java:1048)
	at org.testng.TestNG.privateMain(TestNG.java:1355)
	at org.testng.TestNG.main(TestNG.java:1324)
]]>
            </full-stacktrace>
          </exception> <!-- org.openqa.selenium.NoSuchFrameException -->
          <reporter-output>
          </reporter-output>
        </test-method> <!-- AA_Loan1stInsatallmentEODbatchprocess_Cure_Default -->
        <test-method status="PASS" signature="getResult(org.testng.ITestResult)[pri:0, instance:Test.CO_ILP.Executionbatchfile_CO_ILP@3f0ee7cb]" name="getResult" is-config="true" duration-ms="175" started-at="2019-05-24T02:06:30Z" finished-at="2019-05-24T02:06:30Z">
          <params>
            <param index="0">
              <value>
                <![CDATA[[TestResult name=AA_Loan1stInsatallmentEODbatchprocess_Cure_Default status=FAILURE method=Executionbatchfile_CO_ILP.AA_Loan1stInsatallmentEODbatchprocess_Cure_Default()[pri:44, instance:Test.CO_ILP.Executionbatchfile_CO_ILP@3f0ee7cb] output={null}]]]>
              </value>
            </param>
          </params>
          <reporter-output>
          </reporter-output>
        </test-method> <!-- getResult -->
        <test-method status="PASS" signature="tearDown()[pri:0, instance:Test.CO_ILP.Executionbatchfile_CO_ILP@3f0ee7cb]" name="tearDown" is-config="true" duration-ms="20" started-at="2019-05-24T02:06:30Z" finished-at="2019-05-24T02:06:30Z">
          <reporter-output>
          </reporter-output>
        </test-method> <!-- tearDown -->
        <test-method status="FAIL" signature="AA_Loan1stInsatallmentEODbatchprocess_Cure_BeforeCureenddateDefault()[pri:45, instance:Test.CO_ILP.Executionbatchfile_CO_ILP@3f0ee7cb]" name="AA_Loan1stInsatallmentEODbatchprocess_Cure_BeforeCureenddateDefault" duration-ms="526253" started-at="2019-05-24T02:06:30Z" finished-at="2019-05-24T02:15:16Z">
          <exception class="org.openqa.selenium.NoSuchFrameException">
            <message>
              <![CDATA[No frame element found by name or id topFrame
Build info: version: '3.11.0', revision: 'e59cfb3', time: '2018-03-11T20:33:08.638Z'
System info: host: 'QTLSYS2-34', ip: '192.168.2.34', os.name: 'Windows 7', os.arch: 'amd64', os.version: '6.1', java.version: '1.8.0_202'
Driver info: driver.version: unknown]]>
            </message>
            <full-stacktrace>
              <![CDATA[org.openqa.selenium.NoSuchFrameException: No frame element found by name or id topFrame
Build info: version: '3.11.0', revision: 'e59cfb3', time: '2018-03-11T20:33:08.638Z'
System info: host: 'QTLSYS2-34', ip: '192.168.2.34', os.name: 'Windows 7', os.arch: 'amd64', os.version: '6.1', java.version: '1.8.0_202'
Driver info: driver.version: unknown
	at org.openqa.selenium.remote.RemoteWebDriver$RemoteTargetLocator.frame(RemoteWebDriver.java:884)
	at Pages.BorrowerRegistrationpage.RegistrationPage_NewLoan_COILP(BorrowerRegistrationpage.java:4997)
	at Test.CO_ILP.Executionbatchfile_CO_ILP.AA_Loan1stInsatallmentEODbatchprocess_Cure_BeforeCureenddateDefault(Executionbatchfile_CO_ILP.java:36948)
	at sun.reflect.NativeMethodAccessorImpl.invoke0(Native Method)
	at sun.reflect.NativeMethodAccessorImpl.invoke(Unknown Source)
	at sun.reflect.DelegatingMethodAccessorImpl.invoke(Unknown Source)
	at java.lang.reflect.Method.invoke(Unknown Source)
	at org.testng.internal.MethodInvocationHelper.invokeMethod(MethodInvocationHelper.java:85)
	at org.testng.internal.Invoker.invokeMethod(Invoker.java:639)
	at org.testng.internal.Invoker.invokeTestMethod(Invoker.java:816)
	at org.testng.internal.Invoker.invokeTestMethods(Invoker.java:1124)
	at org.testng.internal.TestMethodWorker.invokeTestMethods(TestMethodWorker.java:125)
	at org.testng.internal.TestMethodWorker.run(TestMethodWorker.java:108)
	at org.testng.TestRunner.privateRun(TestRunner.java:774)
	at org.testng.TestRunner.run(TestRunner.java:624)
	at org.testng.SuiteRunner.runTest(SuiteRunner.java:359)
	at org.testng.SuiteRunner.runSequentially(SuiteRunner.java:354)
	at org.testng.SuiteRunner.privateRun(SuiteRunner.java:312)
	at org.testng.SuiteRunner.run(SuiteRunner.java:261)
	at org.testng.SuiteRunnerWorker.runSuite(SuiteRunnerWorker.java:52)
	at org.testng.SuiteRunnerWorker.run(SuiteRunnerWorker.java:86)
	at org.testng.TestNG.runSuitesSequentially(TestNG.java:1215)
	at org.testng.TestNG.runSuitesLocally(TestNG.java:1140)
	at org.testng.TestNG.run(TestNG.java:1048)
	at org.testng.TestNG.privateMain(TestNG.java:1355)
	at org.testng.TestNG.main(TestNG.java:1324)
]]>
            </full-stacktrace>
          </exception> <!-- org.openqa.selenium.NoSuchFrameException -->
          <reporter-output>
          </reporter-output>
        </test-method> <!-- AA_Loan1stInsatallmentEODbatchprocess_Cure_BeforeCureenddateDefault -->
        <test-method status="PASS" signature="getResult(org.testng.ITestResult)[pri:0, instance:Test.CO_ILP.Executionbatchfile_CO_ILP@3f0ee7cb]" name="getResult" is-config="true" duration-ms="152" started-at="2019-05-24T02:15:16Z" finished-at="2019-05-24T02:15:17Z">
          <params>
            <param index="0">
              <value>
                <![CDATA[[TestResult name=AA_Loan1stInsatallmentEODbatchprocess_Cure_BeforeCureenddateDefault status=FAILURE method=Executionbatchfile_CO_ILP.AA_Loan1stInsatallmentEODbatchprocess_Cure_BeforeCureenddateDefault()[pri:45, instance:Test.CO_ILP.Executionbatchfile_CO_ILP@3f0ee7cb] output={null}]]]>
              </value>
            </param>
          </params>
          <reporter-output>
          </reporter-output>
        </test-method> <!-- getResult -->
        <test-method status="PASS" signature="tearDown()[pri:0, instance:Test.CO_ILP.Executionbatchfile_CO_ILP@3f0ee7cb]" name="tearDown" is-config="true" duration-ms="16" started-at="2019-05-24T02:15:17Z" finished-at="2019-05-24T02:15:17Z">
          <reporter-output>
          </reporter-output>
        </test-method> <!-- tearDown -->
        <test-method status="FAIL" signature="Loan_PmtAllInstExceptLast_DFLTLastInst_()[pri:46, instance:Test.CO_ILP.Executionbatchfile_CO_ILP@3f0ee7cb]" name="Loan_PmtAllInstExceptLast_DFLTLastInst_" duration-ms="570855" started-at="2019-05-24T02:15:17Z" finished-at="2019-05-24T02:24:47Z">
          <exception class="org.openqa.selenium.NoSuchFrameException">
            <message>
              <![CDATA[No frame element found by name or id topFrame
Build info: version: '3.11.0', revision: 'e59cfb3', time: '2018-03-11T20:33:08.638Z'
System info: host: 'QTLSYS2-34', ip: '192.168.2.34', os.name: 'Windows 7', os.arch: 'amd64', os.version: '6.1', java.version: '1.8.0_202'
Driver info: driver.version: unknown]]>
            </message>
            <full-stacktrace>
              <![CDATA[org.openqa.selenium.NoSuchFrameException: No frame element found by name or id topFrame
Build info: version: '3.11.0', revision: 'e59cfb3', time: '2018-03-11T20:33:08.638Z'
System info: host: 'QTLSYS2-34', ip: '192.168.2.34', os.name: 'Windows 7', os.arch: 'amd64', os.version: '6.1', java.version: '1.8.0_202'
Driver info: driver.version: unknown
	at org.openqa.selenium.remote.RemoteWebDriver$RemoteTargetLocator.frame(RemoteWebDriver.java:884)
	at Test.CO_ILP.Executionbatchfile_CO_ILP.RegistrationPage_NewLoan_ILP(Executionbatchfile_CO_ILP.java:10926)
	at Test.CO_ILP.Executionbatchfile_CO_ILP.Loan_PmtAllInstExceptLast_DFLTLastInst_(Executionbatchfile_CO_ILP.java:37021)
	at sun.reflect.NativeMethodAccessorImpl.invoke0(Native Method)
	at sun.reflect.NativeMethodAccessorImpl.invoke(Unknown Source)
	at sun.reflect.DelegatingMethodAccessorImpl.invoke(Unknown Source)
	at java.lang.reflect.Method.invoke(Unknown Source)
	at org.testng.internal.MethodInvocationHelper.invokeMethod(MethodInvocationHelper.java:85)
	at org.testng.internal.Invoker.invokeMethod(Invoker.java:639)
	at org.testng.internal.Invoker.invokeTestMethod(Invoker.java:816)
	at org.testng.internal.Invoker.invokeTestMethods(Invoker.java:1124)
	at org.testng.internal.TestMethodWorker.invokeTestMethods(TestMethodWorker.java:125)
	at org.testng.internal.TestMethodWorker.run(TestMethodWorker.java:108)
	at org.testng.TestRunner.privateRun(TestRunner.java:774)
	at org.testng.TestRunner.run(TestRunner.java:624)
	at org.testng.SuiteRunner.runTest(SuiteRunner.java:359)
	at org.testng.SuiteRunner.runSequentially(SuiteRunner.java:354)
	at org.testng.SuiteRunner.privateRun(SuiteRunner.java:312)
	at org.testng.SuiteRunner.run(SuiteRunner.java:261)
	at org.testng.SuiteRunnerWorker.runSuite(SuiteRunnerWorker.java:52)
	at org.testng.SuiteRunnerWorker.run(SuiteRunnerWorker.java:86)
	at org.testng.TestNG.runSuitesSequentially(TestNG.java:1215)
	at org.testng.TestNG.runSuitesLocally(TestNG.java:1140)
	at org.testng.TestNG.run(TestNG.java:1048)
	at org.testng.TestNG.privateMain(TestNG.java:1355)
	at org.testng.TestNG.main(TestNG.java:1324)
]]>
            </full-stacktrace>
          </exception> <!-- org.openqa.selenium.NoSuchFrameException -->
          <reporter-output>
          </reporter-output>
        </test-method> <!-- Loan_PmtAllInstExceptLast_DFLTLastInst_ -->
        <test-method status="PASS" signature="getResult(org.testng.ITestResult)[pri:0, instance:Test.CO_ILP.Executionbatchfile_CO_ILP@3f0ee7cb]" name="getResult" is-config="true" duration-ms="7722" started-at="2019-05-24T02:24:47Z" finished-at="2019-05-24T02:24:55Z">
          <params>
            <param index="0">
              <value>
                <![CDATA[[TestResult name=Loan_PmtAllInstExceptLast_DFLTLastInst_ status=FAILURE method=Executionbatchfile_CO_ILP.Loan_PmtAllInstExceptLast_DFLTLastInst_()[pri:46, instance:Test.CO_ILP.Executionbatchfile_CO_ILP@3f0ee7cb] output={null}]]]>
              </value>
            </param>
          </params>
          <reporter-output>
          </reporter-output>
        </test-method> <!-- getResult -->
        <test-method status="PASS" signature="tearDown()[pri:0, instance:Test.CO_ILP.Executionbatchfile_CO_ILP@3f0ee7cb]" name="tearDown" is-config="true" duration-ms="59" started-at="2019-05-24T02:24:55Z" finished-at="2019-05-24T02:24:55Z">
          <reporter-output>
          </reporter-output>
        </test-method> <!-- tearDown -->
        <test-method status="FAIL" signature="AA_Loan1stInsatallmentEODbatchprocess_Cure_1stInsatllPayment_CureenddateDefault()[pri:47, instance:Test.CO_ILP.Executionbatchfile_CO_ILP@3f0ee7cb]" name="AA_Loan1stInsatallmentEODbatchprocess_Cure_1stInsatllPayment_CureenddateDefault" duration-ms="68277" started-at="2019-05-24T02:24:55Z" finished-at="2019-05-24T02:26:03Z">
          <exception class="org.openqa.selenium.NoSuchFrameException">
            <message>
              <![CDATA[No frame element found by name or id topFrame
Build info: version: '3.11.0', revision: 'e59cfb3', time: '2018-03-11T20:33:08.638Z'
System info: host: 'QTLSYS2-34', ip: '192.168.2.34', os.name: 'Windows 7', os.arch: 'amd64', os.version: '6.1', java.version: '1.8.0_202'
Driver info: driver.version: unknown]]>
            </message>
            <full-stacktrace>
              <![CDATA[org.openqa.selenium.NoSuchFrameException: No frame element found by name or id topFrame
Build info: version: '3.11.0', revision: 'e59cfb3', time: '2018-03-11T20:33:08.638Z'
System info: host: 'QTLSYS2-34', ip: '192.168.2.34', os.name: 'Windows 7', os.arch: 'amd64', os.version: '6.1', java.version: '1.8.0_202'
Driver info: driver.version: unknown
	at org.openqa.selenium.remote.RemoteWebDriver$RemoteTargetLocator.frame(RemoteWebDriver.java:884)
	at Pages.BorrowerRegistrationpage.RegistrationPage_NewLoan_COILP(BorrowerRegistrationpage.java:4997)
	at Test.CO_ILP.Executionbatchfile_CO_ILP.AA_Loan1stInsatallmentEODbatchprocess_Cure_1stInsatllPayment_CureenddateDefault(Executionbatchfile_CO_ILP.java:37079)
	at sun.reflect.NativeMethodAccessorImpl.invoke0(Native Method)
	at sun.reflect.NativeMethodAccessorImpl.invoke(Unknown Source)
	at sun.reflect.DelegatingMethodAccessorImpl.invoke(Unknown Source)
	at java.lang.reflect.Method.invoke(Unknown Source)
	at org.testng.internal.MethodInvocationHelper.invokeMethod(MethodInvocationHelper.java:85)
	at org.testng.internal.Invoker.invokeMethod(Invoker.java:639)
	at org.testng.internal.Invoker.invokeTestMethod(Invoker.java:816)
	at org.testng.internal.Invoker.invokeTestMethods(Invoker.java:1124)
	at org.testng.internal.TestMethodWorker.invokeTestMethods(TestMethodWorker.java:125)
	at org.testng.internal.TestMethodWorker.run(TestMethodWorker.java:108)
	at org.testng.TestRunner.privateRun(TestRunner.java:774)
	at org.testng.TestRunner.run(TestRunner.java:624)
	at org.testng.SuiteRunner.runTest(SuiteRunner.java:359)
	at org.testng.SuiteRunner.runSequentially(SuiteRunner.java:354)
	at org.testng.SuiteRunner.privateRun(SuiteRunner.java:312)
	at org.testng.SuiteRunner.run(SuiteRunner.java:261)
	at org.testng.SuiteRunnerWorker.runSuite(SuiteRunnerWorker.java:52)
	at org.testng.SuiteRunnerWorker.run(SuiteRunnerWorker.java:86)
	at org.testng.TestNG.runSuitesSequentially(TestNG.java:1215)
	at org.testng.TestNG.runSuitesLocally(TestNG.java:1140)
	at org.testng.TestNG.run(TestNG.java:1048)
	at org.testng.TestNG.privateMain(TestNG.java:1355)
	at org.testng.TestNG.main(TestNG.java:1324)
]]>
            </full-stacktrace>
          </exception> <!-- org.openqa.selenium.NoSuchFrameException -->
          <reporter-output>
          </reporter-output>
        </test-method> <!-- AA_Loan1stInsatallmentEODbatchprocess_Cure_1stInsatllPayment_CureenddateDefault -->
        <test-method status="PASS" signature="getResult(org.testng.ITestResult)[pri:0, instance:Test.CO_ILP.Executionbatchfile_CO_ILP@3f0ee7cb]" name="getResult" is-config="true" duration-ms="129" started-at="2019-05-24T02:26:03Z" finished-at="2019-05-24T02:26:04Z">
          <params>
            <param index="0">
              <value>
                <![CDATA[[TestResult name=AA_Loan1stInsatallmentEODbatchprocess_Cure_1stInsatllPayment_CureenddateDefault status=FAILURE method=Executionbatchfile_CO_ILP.AA_Loan1stInsatallmentEODbatchprocess_Cure_1stInsatllPayment_CureenddateDefault()[pri:47, instance:Test.CO_ILP.Executionbatchfile_CO_ILP@3f0ee7cb] output={null}]]]>
              </value>
            </param>
          </params>
          <reporter-output>
          </reporter-output>
        </test-method> <!-- getResult -->
        <test-method status="PASS" signature="tearDown()[pri:0, instance:Test.CO_ILP.Executionbatchfile_CO_ILP@3f0ee7cb]" name="tearDown" is-config="true" duration-ms="14" started-at="2019-05-24T02:26:04Z" finished-at="2019-05-24T02:26:04Z">
          <reporter-output>
          </reporter-output>
        </test-method> <!-- tearDown -->
        <test-method status="FAIL" signature="AA_Loan1stInsatallmentEODbatchprocess_Cure_1stInsatllPayment_void_CureenddateDefault()[pri:48, instance:Test.CO_ILP.Executionbatchfile_CO_ILP@3f0ee7cb]" name="AA_Loan1stInsatallmentEODbatchprocess_Cure_1stInsatllPayment_void_CureenddateDefault" duration-ms="524872" started-at="2019-05-24T02:26:04Z" finished-at="2019-05-24T02:34:48Z">
          <exception class="org.openqa.selenium.NoSuchFrameException">
            <message>
              <![CDATA[No frame element found by name or id topFrame
Build info: version: '3.11.0', revision: 'e59cfb3', time: '2018-03-11T20:33:08.638Z'
System info: host: 'QTLSYS2-34', ip: '192.168.2.34', os.name: 'Windows 7', os.arch: 'amd64', os.version: '6.1', java.version: '1.8.0_202'
Driver info: driver.version: unknown]]>
            </message>
            <full-stacktrace>
              <![CDATA[org.openqa.selenium.NoSuchFrameException: No frame element found by name or id topFrame
Build info: version: '3.11.0', revision: 'e59cfb3', time: '2018-03-11T20:33:08.638Z'
System info: host: 'QTLSYS2-34', ip: '192.168.2.34', os.name: 'Windows 7', os.arch: 'amd64', os.version: '6.1', java.version: '1.8.0_202'
Driver info: driver.version: unknown
	at org.openqa.selenium.remote.RemoteWebDriver$RemoteTargetLocator.frame(RemoteWebDriver.java:884)
	at Pages.BorrowerRegistrationpage.RegistrationPage_NewLoan_COILP(BorrowerRegistrationpage.java:4997)
	at Test.CO_ILP.Executionbatchfile_CO_ILP.AA_Loan1stInsatallmentEODbatchprocess_Cure_1stInsatllPayment_void_CureenddateDefault(Executionbatchfile_CO_ILP.java:37153)
	at sun.reflect.NativeMethodAccessorImpl.invoke0(Native Method)
	at sun.reflect.NativeMethodAccessorImpl.invoke(Unknown Source)
	at sun.reflect.DelegatingMethodAccessorImpl.invoke(Unknown Source)
	at java.lang.reflect.Method.invoke(Unknown Source)
	at org.testng.internal.MethodInvocationHelper.invokeMethod(MethodInvocationHelper.java:85)
	at org.testng.internal.Invoker.invokeMethod(Invoker.java:639)
	at org.testng.internal.Invoker.invokeTestMethod(Invoker.java:816)
	at org.testng.internal.Invoker.invokeTestMethods(Invoker.java:1124)
	at org.testng.internal.TestMethodWorker.invokeTestMethods(TestMethodWorker.java:125)
	at org.testng.internal.TestMethodWorker.run(TestMethodWorker.java:108)
	at org.testng.TestRunner.privateRun(TestRunner.java:774)
	at org.testng.TestRunner.run(TestRunner.java:624)
	at org.testng.SuiteRunner.runTest(SuiteRunner.java:359)
	at org.testng.SuiteRunner.runSequentially(SuiteRunner.java:354)
	at org.testng.SuiteRunner.privateRun(SuiteRunner.java:312)
	at org.testng.SuiteRunner.run(SuiteRunner.java:261)
	at org.testng.SuiteRunnerWorker.runSuite(SuiteRunnerWorker.java:52)
	at org.testng.SuiteRunnerWorker.run(SuiteRunnerWorker.java:86)
	at org.testng.TestNG.runSuitesSequentially(TestNG.java:1215)
	at org.testng.TestNG.runSuitesLocally(TestNG.java:1140)
	at org.testng.TestNG.run(TestNG.java:1048)
	at org.testng.TestNG.privateMain(TestNG.java:1355)
	at org.testng.TestNG.main(TestNG.java:1324)
]]>
            </full-stacktrace>
          </exception> <!-- org.openqa.selenium.NoSuchFrameException -->
          <reporter-output>
          </reporter-output>
        </test-method> <!-- AA_Loan1stInsatallmentEODbatchprocess_Cure_1stInsatllPayment_void_CureenddateDefault -->
        <test-method status="PASS" signature="getResult(org.testng.ITestResult)[pri:0, instance:Test.CO_ILP.Executionbatchfile_CO_ILP@3f0ee7cb]" name="getResult" is-config="true" duration-ms="7850" started-at="2019-05-24T02:34:48Z" finished-at="2019-05-24T02:34:56Z">
          <params>
            <param index="0">
              <value>
                <![CDATA[[TestResult name=AA_Loan1stInsatallmentEODbatchprocess_Cure_1stInsatllPayment_void_CureenddateDefault status=FAILURE method=Executionbatchfile_CO_ILP.AA_Loan1stInsatallmentEODbatchprocess_Cure_1stInsatllPayment_void_CureenddateDefault()[pri:48, instance:Test.CO_ILP.Executionbatchfile_CO_ILP@3f0ee7cb] output={null}]]]>
              </value>
            </param>
          </params>
          <reporter-output>
          </reporter-output>
        </test-method> <!-- getResult -->
        <test-method status="PASS" signature="tearDown()[pri:0, instance:Test.CO_ILP.Executionbatchfile_CO_ILP@3f0ee7cb]" name="tearDown" is-config="true" duration-ms="27" started-at="2019-05-24T02:34:56Z" finished-at="2019-05-24T02:34:56Z">
          <reporter-output>
          </reporter-output>
        </test-method> <!-- tearDown -->
        <test-method status="FAIL" signature="AA_Loan1stInsatallmentEODbatchprocess_Cure_Less1stInsatllPayment_CureenddateDefault()[pri:49, instance:Test.CO_ILP.Executionbatchfile_CO_ILP@3f0ee7cb]" name="AA_Loan1stInsatallmentEODbatchprocess_Cure_Less1stInsatllPayment_CureenddateDefault" duration-ms="68739" started-at="2019-05-24T02:34:56Z" finished-at="2019-05-24T02:36:05Z">
          <exception class="org.openqa.selenium.NoSuchFrameException">
            <message>
              <![CDATA[No frame element found by name or id topFrame
Build info: version: '3.11.0', revision: 'e59cfb3', time: '2018-03-11T20:33:08.638Z'
System info: host: 'QTLSYS2-34', ip: '192.168.2.34', os.name: 'Windows 7', os.arch: 'amd64', os.version: '6.1', java.version: '1.8.0_202'
Driver info: driver.version: unknown]]>
            </message>
            <full-stacktrace>
              <![CDATA[org.openqa.selenium.NoSuchFrameException: No frame element found by name or id topFrame
Build info: version: '3.11.0', revision: 'e59cfb3', time: '2018-03-11T20:33:08.638Z'
System info: host: 'QTLSYS2-34', ip: '192.168.2.34', os.name: 'Windows 7', os.arch: 'amd64', os.version: '6.1', java.version: '1.8.0_202'
Driver info: driver.version: unknown
	at org.openqa.selenium.remote.RemoteWebDriver$RemoteTargetLocator.frame(RemoteWebDriver.java:884)
	at Pages.BorrowerRegistrationpage.RegistrationPage_NewLoan_COILP(BorrowerRegistrationpage.java:4997)
	at Test.CO_ILP.Executionbatchfile_CO_ILP.AA_Loan1stInsatallmentEODbatchprocess_Cure_Less1stInsatllPayment_CureenddateDefault(Executionbatchfile_CO_ILP.java:37229)
	at sun.reflect.NativeMethodAccessorImpl.invoke0(Native Method)
	at sun.reflect.NativeMethodAccessorImpl.invoke(Unknown Source)
	at sun.reflect.DelegatingMethodAccessorImpl.invoke(Unknown Source)
	at java.lang.reflect.Method.invoke(Unknown Source)
	at org.testng.internal.MethodInvocationHelper.invokeMethod(MethodInvocationHelper.java:85)
	at org.testng.internal.Invoker.invokeMethod(Invoker.java:639)
	at org.testng.internal.Invoker.invokeTestMethod(Invoker.java:816)
	at org.testng.internal.Invoker.invokeTestMethods(Invoker.java:1124)
	at org.testng.internal.TestMethodWorker.invokeTestMethods(TestMethodWorker.java:125)
	at org.testng.internal.TestMethodWorker.run(TestMethodWorker.java:108)
	at org.testng.TestRunner.privateRun(TestRunner.java:774)
	at org.testng.TestRunner.run(TestRunner.java:624)
	at org.testng.SuiteRunner.runTest(SuiteRunner.java:359)
	at org.testng.SuiteRunner.runSequentially(SuiteRunner.java:354)
	at org.testng.SuiteRunner.privateRun(SuiteRunner.java:312)
	at org.testng.SuiteRunner.run(SuiteRunner.java:261)
	at org.testng.SuiteRunnerWorker.runSuite(SuiteRunnerWorker.java:52)
	at org.testng.SuiteRunnerWorker.run(SuiteRunnerWorker.java:86)
	at org.testng.TestNG.runSuitesSequentially(TestNG.java:1215)
	at org.testng.TestNG.runSuitesLocally(TestNG.java:1140)
	at org.testng.TestNG.run(TestNG.java:1048)
	at org.testng.TestNG.privateMain(TestNG.java:1355)
	at org.testng.TestNG.main(TestNG.java:1324)
]]>
            </full-stacktrace>
          </exception> <!-- org.openqa.selenium.NoSuchFrameException -->
          <reporter-output>
          </reporter-output>
        </test-method> <!-- AA_Loan1stInsatallmentEODbatchprocess_Cure_Less1stInsatllPayment_CureenddateDefault -->
        <test-method status="PASS" signature="getResult(org.testng.ITestResult)[pri:0, instance:Test.CO_ILP.Executionbatchfile_CO_ILP@3f0ee7cb]" name="getResult" is-config="true" duration-ms="145" started-at="2019-05-24T02:36:05Z" finished-at="2019-05-24T02:36:05Z">
          <params>
            <param index="0">
              <value>
                <![CDATA[[TestResult name=AA_Loan1stInsatallmentEODbatchprocess_Cure_Less1stInsatllPayment_CureenddateDefault status=FAILURE method=Executionbatchfile_CO_ILP.AA_Loan1stInsatallmentEODbatchprocess_Cure_Less1stInsatllPayment_CureenddateDefault()[pri:49, instance:Test.CO_ILP.Executionbatchfile_CO_ILP@3f0ee7cb] output={null}]]]>
              </value>
            </param>
          </params>
          <reporter-output>
          </reporter-output>
        </test-method> <!-- getResult -->
        <test-method status="PASS" signature="tearDown()[pri:0, instance:Test.CO_ILP.Executionbatchfile_CO_ILP@3f0ee7cb]" name="tearDown" is-config="true" duration-ms="21" started-at="2019-05-24T02:36:05Z" finished-at="2019-05-24T02:36:05Z">
          <reporter-output>
          </reporter-output>
        </test-method> <!-- tearDown -->
        <test-method status="FAIL" signature="CO_ILP_Loan_DefaultPayment()[pri:50, instance:Test.CO_ILP.Executionbatchfile_CO_ILP@3f0ee7cb]" name="CO_ILP_Loan_DefaultPayment" duration-ms="554310" started-at="2019-05-24T02:36:05Z" finished-at="2019-05-24T02:45:20Z">
          <exception class="org.openqa.selenium.NoSuchFrameException">
            <message>
              <![CDATA[No frame element found by name or id topFrame
Build info: version: '3.11.0', revision: 'e59cfb3', time: '2018-03-11T20:33:08.638Z'
System info: host: 'QTLSYS2-34', ip: '192.168.2.34', os.name: 'Windows 7', os.arch: 'amd64', os.version: '6.1', java.version: '1.8.0_202'
Driver info: driver.version: unknown]]>
            </message>
            <full-stacktrace>
              <![CDATA[org.openqa.selenium.NoSuchFrameException: No frame element found by name or id topFrame
Build info: version: '3.11.0', revision: 'e59cfb3', time: '2018-03-11T20:33:08.638Z'
System info: host: 'QTLSYS2-34', ip: '192.168.2.34', os.name: 'Windows 7', os.arch: 'amd64', os.version: '6.1', java.version: '1.8.0_202'
Driver info: driver.version: unknown
	at org.openqa.selenium.remote.RemoteWebDriver$RemoteTargetLocator.frame(RemoteWebDriver.java:884)
	at Test.CO_ILP.Executionbatchfile_CO_ILP.RegistrationPage_NewLoan_ILP(Executionbatchfile_CO_ILP.java:10926)
	at Test.CO_ILP.Executionbatchfile_CO_ILP.CO_ILP_Loan_DefaultPayment(Executionbatchfile_CO_ILP.java:37302)
	at sun.reflect.NativeMethodAccessorImpl.invoke0(Native Method)
	at sun.reflect.NativeMethodAccessorImpl.invoke(Unknown Source)
	at sun.reflect.DelegatingMethodAccessorImpl.invoke(Unknown Source)
	at java.lang.reflect.Method.invoke(Unknown Source)
	at org.testng.internal.MethodInvocationHelper.invokeMethod(MethodInvocationHelper.java:85)
	at org.testng.internal.Invoker.invokeMethod(Invoker.java:639)
	at org.testng.internal.Invoker.invokeTestMethod(Invoker.java:816)
	at org.testng.internal.Invoker.invokeTestMethods(Invoker.java:1124)
	at org.testng.internal.TestMethodWorker.invokeTestMethods(TestMethodWorker.java:125)
	at org.testng.internal.TestMethodWorker.run(TestMethodWorker.java:108)
	at org.testng.TestRunner.privateRun(TestRunner.java:774)
	at org.testng.TestRunner.run(TestRunner.java:624)
	at org.testng.SuiteRunner.runTest(SuiteRunner.java:359)
	at org.testng.SuiteRunner.runSequentially(SuiteRunner.java:354)
	at org.testng.SuiteRunner.privateRun(SuiteRunner.java:312)
	at org.testng.SuiteRunner.run(SuiteRunner.java:261)
	at org.testng.SuiteRunnerWorker.runSuite(SuiteRunnerWorker.java:52)
	at org.testng.SuiteRunnerWorker.run(SuiteRunnerWorker.java:86)
	at org.testng.TestNG.runSuitesSequentially(TestNG.java:1215)
	at org.testng.TestNG.runSuitesLocally(TestNG.java:1140)
	at org.testng.TestNG.run(TestNG.java:1048)
	at org.testng.TestNG.privateMain(TestNG.java:1355)
	at org.testng.TestNG.main(TestNG.java:1324)
]]>
            </full-stacktrace>
          </exception> <!-- org.openqa.selenium.NoSuchFrameException -->
          <reporter-output>
          </reporter-output>
        </test-method> <!-- CO_ILP_Loan_DefaultPayment -->
        <test-method status="PASS" signature="getResult(org.testng.ITestResult)[pri:0, instance:Test.CO_ILP.Executionbatchfile_CO_ILP@3f0ee7cb]" name="getResult" is-config="true" duration-ms="153" started-at="2019-05-24T02:45:20Z" finished-at="2019-05-24T02:45:20Z">
          <params>
            <param index="0">
              <value>
                <![CDATA[[TestResult name=CO_ILP_Loan_DefaultPayment status=FAILURE method=Executionbatchfile_CO_ILP.CO_ILP_Loan_DefaultPayment()[pri:50, instance:Test.CO_ILP.Executionbatchfile_CO_ILP@3f0ee7cb] output={null}]]]>
              </value>
            </param>
          </params>
          <reporter-output>
          </reporter-output>
        </test-method> <!-- getResult -->
        <test-method status="PASS" signature="tearDown()[pri:0, instance:Test.CO_ILP.Executionbatchfile_CO_ILP@3f0ee7cb]" name="tearDown" is-config="true" duration-ms="15" started-at="2019-05-24T02:45:20Z" finished-at="2019-05-24T02:45:20Z">
          <reporter-output>
          </reporter-output>
        </test-method> <!-- tearDown -->
        <test-method status="FAIL" signature="CO_ILP_Loan_DefaulPartialPayment_Void()[pri:51, instance:Test.CO_ILP.Executionbatchfile_CO_ILP@3f0ee7cb]" name="CO_ILP_Loan_DefaulPartialPayment_Void" duration-ms="67366" started-at="2019-05-24T02:45:20Z" finished-at="2019-05-24T02:46:27Z">
          <exception class="org.openqa.selenium.NoSuchFrameException">
            <message>
              <![CDATA[No frame element found by name or id topFrame
Build info: version: '3.11.0', revision: 'e59cfb3', time: '2018-03-11T20:33:08.638Z'
System info: host: 'QTLSYS2-34', ip: '192.168.2.34', os.name: 'Windows 7', os.arch: 'amd64', os.version: '6.1', java.version: '1.8.0_202'
Driver info: driver.version: unknown]]>
            </message>
            <full-stacktrace>
              <![CDATA[org.openqa.selenium.NoSuchFrameException: No frame element found by name or id topFrame
Build info: version: '3.11.0', revision: 'e59cfb3', time: '2018-03-11T20:33:08.638Z'
System info: host: 'QTLSYS2-34', ip: '192.168.2.34', os.name: 'Windows 7', os.arch: 'amd64', os.version: '6.1', java.version: '1.8.0_202'
Driver info: driver.version: unknown
	at org.openqa.selenium.remote.RemoteWebDriver$RemoteTargetLocator.frame(RemoteWebDriver.java:884)
	at Test.CO_ILP.Executionbatchfile_CO_ILP.RegistrationPage_NewLoan_ILP(Executionbatchfile_CO_ILP.java:10926)
	at Test.CO_ILP.Executionbatchfile_CO_ILP.CO_ILP_Loan_DefaulPartialPayment_Void(Executionbatchfile_CO_ILP.java:37353)
	at sun.reflect.NativeMethodAccessorImpl.invoke0(Native Method)
	at sun.reflect.NativeMethodAccessorImpl.invoke(Unknown Source)
	at sun.reflect.DelegatingMethodAccessorImpl.invoke(Unknown Source)
	at java.lang.reflect.Method.invoke(Unknown Source)
	at org.testng.internal.MethodInvocationHelper.invokeMethod(MethodInvocationHelper.java:85)
	at org.testng.internal.Invoker.invokeMethod(Invoker.java:639)
	at org.testng.internal.Invoker.invokeTestMethod(Invoker.java:816)
	at org.testng.internal.Invoker.invokeTestMethods(Invoker.java:1124)
	at org.testng.internal.TestMethodWorker.invokeTestMethods(TestMethodWorker.java:125)
	at org.testng.internal.TestMethodWorker.run(TestMethodWorker.java:108)
	at org.testng.TestRunner.privateRun(TestRunner.java:774)
	at org.testng.TestRunner.run(TestRunner.java:624)
	at org.testng.SuiteRunner.runTest(SuiteRunner.java:359)
	at org.testng.SuiteRunner.runSequentially(SuiteRunner.java:354)
	at org.testng.SuiteRunner.privateRun(SuiteRunner.java:312)
	at org.testng.SuiteRunner.run(SuiteRunner.java:261)
	at org.testng.SuiteRunnerWorker.runSuite(SuiteRunnerWorker.java:52)
	at org.testng.SuiteRunnerWorker.run(SuiteRunnerWorker.java:86)
	at org.testng.TestNG.runSuitesSequentially(TestNG.java:1215)
	at org.testng.TestNG.runSuitesLocally(TestNG.java:1140)
	at org.testng.TestNG.run(TestNG.java:1048)
	at org.testng.TestNG.privateMain(TestNG.java:1355)
	at org.testng.TestNG.main(TestNG.java:1324)
]]>
            </full-stacktrace>
          </exception> <!-- org.openqa.selenium.NoSuchFrameException -->
          <reporter-output>
          </reporter-output>
        </test-method> <!-- CO_ILP_Loan_DefaulPartialPayment_Void -->
        <test-method status="PASS" signature="getResult(org.testng.ITestResult)[pri:0, instance:Test.CO_ILP.Executionbatchfile_CO_ILP@3f0ee7cb]" name="getResult" is-config="true" duration-ms="185" started-at="2019-05-24T02:46:27Z" finished-at="2019-05-24T02:46:27Z">
          <params>
            <param index="0">
              <value>
                <![CDATA[[TestResult name=CO_ILP_Loan_DefaulPartialPayment_Void status=FAILURE method=Executionbatchfile_CO_ILP.CO_ILP_Loan_DefaulPartialPayment_Void()[pri:51, instance:Test.CO_ILP.Executionbatchfile_CO_ILP@3f0ee7cb] output={null}]]]>
              </value>
            </param>
          </params>
          <reporter-output>
          </reporter-output>
        </test-method> <!-- getResult -->
        <test-method status="PASS" signature="tearDown()[pri:0, instance:Test.CO_ILP.Executionbatchfile_CO_ILP@3f0ee7cb]" name="tearDown" is-config="true" duration-ms="13" started-at="2019-05-24T02:46:27Z" finished-at="2019-05-24T02:46:27Z">
          <reporter-output>
          </reporter-output>
        </test-method> <!-- tearDown -->
        <test-method status="FAIL" signature="CO_ILP_Loan_DefaulPayment_Void()[pri:52, instance:Test.CO_ILP.Executionbatchfile_CO_ILP@3f0ee7cb]" name="CO_ILP_Loan_DefaulPayment_Void" duration-ms="533209" started-at="2019-05-24T02:46:27Z" finished-at="2019-05-24T02:55:21Z">
          <exception class="org.openqa.selenium.NoSuchFrameException">
            <message>
              <![CDATA[No frame element found by name or id topFrame
Build info: version: '3.11.0', revision: 'e59cfb3', time: '2018-03-11T20:33:08.638Z'
System info: host: 'QTLSYS2-34', ip: '192.168.2.34', os.name: 'Windows 7', os.arch: 'amd64', os.version: '6.1', java.version: '1.8.0_202'
Driver info: driver.version: unknown]]>
            </message>
            <full-stacktrace>
              <![CDATA[org.openqa.selenium.NoSuchFrameException: No frame element found by name or id topFrame
Build info: version: '3.11.0', revision: 'e59cfb3', time: '2018-03-11T20:33:08.638Z'
System info: host: 'QTLSYS2-34', ip: '192.168.2.34', os.name: 'Windows 7', os.arch: 'amd64', os.version: '6.1', java.version: '1.8.0_202'
Driver info: driver.version: unknown
	at org.openqa.selenium.remote.RemoteWebDriver$RemoteTargetLocator.frame(RemoteWebDriver.java:884)
	at Test.CO_ILP.Executionbatchfile_CO_ILP.RegistrationPage_NewLoan_ILP(Executionbatchfile_CO_ILP.java:10926)
	at Test.CO_ILP.Executionbatchfile_CO_ILP.CO_ILP_Loan_DefaulPayment_Void(Executionbatchfile_CO_ILP.java:37406)
	at sun.reflect.NativeMethodAccessorImpl.invoke0(Native Method)
	at sun.reflect.NativeMethodAccessorImpl.invoke(Unknown Source)
	at sun.reflect.DelegatingMethodAccessorImpl.invoke(Unknown Source)
	at java.lang.reflect.Method.invoke(Unknown Source)
	at org.testng.internal.MethodInvocationHelper.invokeMethod(MethodInvocationHelper.java:85)
	at org.testng.internal.Invoker.invokeMethod(Invoker.java:639)
	at org.testng.internal.Invoker.invokeTestMethod(Invoker.java:816)
	at org.testng.internal.Invoker.invokeTestMethods(Invoker.java:1124)
	at org.testng.internal.TestMethodWorker.invokeTestMethods(TestMethodWorker.java:125)
	at org.testng.internal.TestMethodWorker.run(TestMethodWorker.java:108)
	at org.testng.TestRunner.privateRun(TestRunner.java:774)
	at org.testng.TestRunner.run(TestRunner.java:624)
	at org.testng.SuiteRunner.runTest(SuiteRunner.java:359)
	at org.testng.SuiteRunner.runSequentially(SuiteRunner.java:354)
	at org.testng.SuiteRunner.privateRun(SuiteRunner.java:312)
	at org.testng.SuiteRunner.run(SuiteRunner.java:261)
	at org.testng.SuiteRunnerWorker.runSuite(SuiteRunnerWorker.java:52)
	at org.testng.SuiteRunnerWorker.run(SuiteRunnerWorker.java:86)
	at org.testng.TestNG.runSuitesSequentially(TestNG.java:1215)
	at org.testng.TestNG.runSuitesLocally(TestNG.java:1140)
	at org.testng.TestNG.run(TestNG.java:1048)
	at org.testng.TestNG.privateMain(TestNG.java:1355)
	at org.testng.TestNG.main(TestNG.java:1324)
]]>
            </full-stacktrace>
          </exception> <!-- org.openqa.selenium.NoSuchFrameException -->
          <reporter-output>
          </reporter-output>
        </test-method> <!-- CO_ILP_Loan_DefaulPayment_Void -->
        <test-method status="PASS" signature="getResult(org.testng.ITestResult)[pri:0, instance:Test.CO_ILP.Executionbatchfile_CO_ILP@3f0ee7cb]" name="getResult" is-config="true" duration-ms="134" started-at="2019-05-24T02:55:21Z" finished-at="2019-05-24T02:55:21Z">
          <params>
            <param index="0">
              <value>
                <![CDATA[[TestResult name=CO_ILP_Loan_DefaulPayment_Void status=FAILURE method=Executionbatchfile_CO_ILP.CO_ILP_Loan_DefaulPayment_Void()[pri:52, instance:Test.CO_ILP.Executionbatchfile_CO_ILP@3f0ee7cb] output={null}]]]>
              </value>
            </param>
          </params>
          <reporter-output>
          </reporter-output>
        </test-method> <!-- getResult -->
        <test-method status="PASS" signature="tearDown()[pri:0, instance:Test.CO_ILP.Executionbatchfile_CO_ILP@3f0ee7cb]" name="tearDown" is-config="true" duration-ms="14" started-at="2019-05-24T02:55:21Z" finished-at="2019-05-24T02:55:21Z">
          <reporter-output>
          </reporter-output>
        </test-method> <!-- tearDown -->
        <test-method status="FAIL" signature="CO_ILP_Loan_DefaulPartialPayment_EncryptionVoid()[pri:53, instance:Test.CO_ILP.Executionbatchfile_CO_ILP@3f0ee7cb]" name="CO_ILP_Loan_DefaulPartialPayment_EncryptionVoid" duration-ms="73634" started-at="2019-05-24T02:55:21Z" finished-at="2019-05-24T02:56:34Z">
          <exception class="org.openqa.selenium.NoSuchFrameException">
            <message>
              <![CDATA[No frame element found by name or id topFrame
Build info: version: '3.11.0', revision: 'e59cfb3', time: '2018-03-11T20:33:08.638Z'
System info: host: 'QTLSYS2-34', ip: '192.168.2.34', os.name: 'Windows 7', os.arch: 'amd64', os.version: '6.1', java.version: '1.8.0_202'
Driver info: driver.version: unknown]]>
            </message>
            <full-stacktrace>
              <![CDATA[org.openqa.selenium.NoSuchFrameException: No frame element found by name or id topFrame
Build info: version: '3.11.0', revision: 'e59cfb3', time: '2018-03-11T20:33:08.638Z'
System info: host: 'QTLSYS2-34', ip: '192.168.2.34', os.name: 'Windows 7', os.arch: 'amd64', os.version: '6.1', java.version: '1.8.0_202'
Driver info: driver.version: unknown
	at org.openqa.selenium.remote.RemoteWebDriver$RemoteTargetLocator.frame(RemoteWebDriver.java:884)
	at Test.CO_ILP.Executionbatchfile_CO_ILP.RegistrationPage_NewLoan_ILP(Executionbatchfile_CO_ILP.java:10926)
	at Test.CO_ILP.Executionbatchfile_CO_ILP.CO_ILP_Loan_DefaulPartialPayment_EncryptionVoid(Executionbatchfile_CO_ILP.java:37460)
	at sun.reflect.NativeMethodAccessorImpl.invoke0(Native Method)
	at sun.reflect.NativeMethodAccessorImpl.invoke(Unknown Source)
	at sun.reflect.DelegatingMethodAccessorImpl.invoke(Unknown Source)
	at java.lang.reflect.Method.invoke(Unknown Source)
	at org.testng.internal.MethodInvocationHelper.invokeMethod(MethodInvocationHelper.java:85)
	at org.testng.internal.Invoker.invokeMethod(Invoker.java:639)
	at org.testng.internal.Invoker.invokeTestMethod(Invoker.java:816)
	at org.testng.internal.Invoker.invokeTestMethods(Invoker.java:1124)
	at org.testng.internal.TestMethodWorker.invokeTestMethods(TestMethodWorker.java:125)
	at org.testng.internal.TestMethodWorker.run(TestMethodWorker.java:108)
	at org.testng.TestRunner.privateRun(TestRunner.java:774)
	at org.testng.TestRunner.run(TestRunner.java:624)
	at org.testng.SuiteRunner.runTest(SuiteRunner.java:359)
	at org.testng.SuiteRunner.runSequentially(SuiteRunner.java:354)
	at org.testng.SuiteRunner.privateRun(SuiteRunner.java:312)
	at org.testng.SuiteRunner.run(SuiteRunner.java:261)
	at org.testng.SuiteRunnerWorker.runSuite(SuiteRunnerWorker.java:52)
	at org.testng.SuiteRunnerWorker.run(SuiteRunnerWorker.java:86)
	at org.testng.TestNG.runSuitesSequentially(TestNG.java:1215)
	at org.testng.TestNG.runSuitesLocally(TestNG.java:1140)
	at org.testng.TestNG.run(TestNG.java:1048)
	at org.testng.TestNG.privateMain(TestNG.java:1355)
	at org.testng.TestNG.main(TestNG.java:1324)
]]>
            </full-stacktrace>
          </exception> <!-- org.openqa.selenium.NoSuchFrameException -->
          <reporter-output>
          </reporter-output>
        </test-method> <!-- CO_ILP_Loan_DefaulPartialPayment_EncryptionVoid -->
        <test-method status="PASS" signature="getResult(org.testng.ITestResult)[pri:0, instance:Test.CO_ILP.Executionbatchfile_CO_ILP@3f0ee7cb]" name="getResult" is-config="true" duration-ms="215" started-at="2019-05-24T02:56:34Z" finished-at="2019-05-24T02:56:35Z">
          <params>
            <param index="0">
              <value>
                <![CDATA[[TestResult name=CO_ILP_Loan_DefaulPartialPayment_EncryptionVoid status=FAILURE method=Executionbatchfile_CO_ILP.CO_ILP_Loan_DefaulPartialPayment_EncryptionVoid()[pri:53, instance:Test.CO_ILP.Executionbatchfile_CO_ILP@3f0ee7cb] output={null}]]]>
              </value>
            </param>
          </params>
          <reporter-output>
          </reporter-output>
        </test-method> <!-- getResult -->
        <test-method status="PASS" signature="tearDown()[pri:0, instance:Test.CO_ILP.Executionbatchfile_CO_ILP@3f0ee7cb]" name="tearDown" is-config="true" duration-ms="17" started-at="2019-05-24T02:56:35Z" finished-at="2019-05-24T02:56:35Z">
          <reporter-output>
          </reporter-output>
        </test-method> <!-- tearDown -->
        <test-method status="FAIL" signature="LonI_DFLT_EODbatchprocess_DFLTPLUS60()[pri:54, instance:Test.CO_ILP.Executionbatchfile_CO_ILP@3f0ee7cb]" name="LonI_DFLT_EODbatchprocess_DFLTPLUS60" duration-ms="67939" started-at="2019-05-24T02:56:35Z" finished-at="2019-05-24T02:57:42Z">
          <exception class="org.openqa.selenium.NoSuchFrameException">
            <message>
              <![CDATA[No frame element found by name or id topFrame
Build info: version: '3.11.0', revision: 'e59cfb3', time: '2018-03-11T20:33:08.638Z'
System info: host: 'QTLSYS2-34', ip: '192.168.2.34', os.name: 'Windows 7', os.arch: 'amd64', os.version: '6.1', java.version: '1.8.0_202'
Driver info: driver.version: unknown]]>
            </message>
            <full-stacktrace>
              <![CDATA[org.openqa.selenium.NoSuchFrameException: No frame element found by name or id topFrame
Build info: version: '3.11.0', revision: 'e59cfb3', time: '2018-03-11T20:33:08.638Z'
System info: host: 'QTLSYS2-34', ip: '192.168.2.34', os.name: 'Windows 7', os.arch: 'amd64', os.version: '6.1', java.version: '1.8.0_202'
Driver info: driver.version: unknown
	at org.openqa.selenium.remote.RemoteWebDriver$RemoteTargetLocator.frame(RemoteWebDriver.java:884)
	at Pages.BorrowerRegistrationpage.RegistrationPage_NewLoan_COILP(BorrowerRegistrationpage.java:4997)
	at Test.CO_ILP.Executionbatchfile_CO_ILP.LonI_DFLT_EODbatchprocess_DFLTPLUS60(Executionbatchfile_CO_ILP.java:37513)
	at sun.reflect.NativeMethodAccessorImpl.invoke0(Native Method)
	at sun.reflect.NativeMethodAccessorImpl.invoke(Unknown Source)
	at sun.reflect.DelegatingMethodAccessorImpl.invoke(Unknown Source)
	at java.lang.reflect.Method.invoke(Unknown Source)
	at org.testng.internal.MethodInvocationHelper.invokeMethod(MethodInvocationHelper.java:85)
	at org.testng.internal.Invoker.invokeMethod(Invoker.java:639)
	at org.testng.internal.Invoker.invokeTestMethod(Invoker.java:816)
	at org.testng.internal.Invoker.invokeTestMethods(Invoker.java:1124)
	at org.testng.internal.TestMethodWorker.invokeTestMethods(TestMethodWorker.java:125)
	at org.testng.internal.TestMethodWorker.run(TestMethodWorker.java:108)
	at org.testng.TestRunner.privateRun(TestRunner.java:774)
	at org.testng.TestRunner.run(TestRunner.java:624)
	at org.testng.SuiteRunner.runTest(SuiteRunner.java:359)
	at org.testng.SuiteRunner.runSequentially(SuiteRunner.java:354)
	at org.testng.SuiteRunner.privateRun(SuiteRunner.java:312)
	at org.testng.SuiteRunner.run(SuiteRunner.java:261)
	at org.testng.SuiteRunnerWorker.runSuite(SuiteRunnerWorker.java:52)
	at org.testng.SuiteRunnerWorker.run(SuiteRunnerWorker.java:86)
	at org.testng.TestNG.runSuitesSequentially(TestNG.java:1215)
	at org.testng.TestNG.runSuitesLocally(TestNG.java:1140)
	at org.testng.TestNG.run(TestNG.java:1048)
	at org.testng.TestNG.privateMain(TestNG.java:1355)
	at org.testng.TestNG.main(TestNG.java:1324)
]]>
            </full-stacktrace>
          </exception> <!-- org.openqa.selenium.NoSuchFrameException -->
          <reporter-output>
          </reporter-output>
        </test-method> <!-- LonI_DFLT_EODbatchprocess_DFLTPLUS60 -->
        <test-method status="PASS" signature="getResult(org.testng.ITestResult)[pri:0, instance:Test.CO_ILP.Executionbatchfile_CO_ILP@3f0ee7cb]" name="getResult" is-config="true" duration-ms="163" started-at="2019-05-24T02:57:42Z" finished-at="2019-05-24T02:57:43Z">
          <params>
            <param index="0">
              <value>
                <![CDATA[[TestResult name=LonI_DFLT_EODbatchprocess_DFLTPLUS60 status=FAILURE method=Executionbatchfile_CO_ILP.LonI_DFLT_EODbatchprocess_DFLTPLUS60()[pri:54, instance:Test.CO_ILP.Executionbatchfile_CO_ILP@3f0ee7cb] output={null}]]]>
              </value>
            </param>
          </params>
          <reporter-output>
          </reporter-output>
        </test-method> <!-- getResult -->
        <test-method status="PASS" signature="tearDown()[pri:0, instance:Test.CO_ILP.Executionbatchfile_CO_ILP@3f0ee7cb]" name="tearDown" is-config="true" duration-ms="13" started-at="2019-05-24T02:57:43Z" finished-at="2019-05-24T02:57:43Z">
          <reporter-output>
          </reporter-output>
        </test-method> <!-- tearDown -->
        <test-method status="FAIL" signature="LonI_DFLT_Pymt_15percentofDFLTamt_EODbatchprocess_DFLTPLUS120()[pri:55, instance:Test.CO_ILP.Executionbatchfile_CO_ILP@3f0ee7cb]" name="LonI_DFLT_Pymt_15percentofDFLTamt_EODbatchprocess_DFLTPLUS120" duration-ms="458995" started-at="2019-05-24T02:57:43Z" finished-at="2019-05-24T03:05:22Z">
          <exception class="org.openqa.selenium.NoSuchFrameException">
            <message>
              <![CDATA[No frame element found by name or id topFrame
Build info: version: '3.11.0', revision: 'e59cfb3', time: '2018-03-11T20:33:08.638Z'
System info: host: 'QTLSYS2-34', ip: '192.168.2.34', os.name: 'Windows 7', os.arch: 'amd64', os.version: '6.1', java.version: '1.8.0_202'
Driver info: driver.version: unknown]]>
            </message>
            <full-stacktrace>
              <![CDATA[org.openqa.selenium.NoSuchFrameException: No frame element found by name or id topFrame
Build info: version: '3.11.0', revision: 'e59cfb3', time: '2018-03-11T20:33:08.638Z'
System info: host: 'QTLSYS2-34', ip: '192.168.2.34', os.name: 'Windows 7', os.arch: 'amd64', os.version: '6.1', java.version: '1.8.0_202'
Driver info: driver.version: unknown
	at org.openqa.selenium.remote.RemoteWebDriver$RemoteTargetLocator.frame(RemoteWebDriver.java:884)
	at Pages.BorrowerRegistrationpage.RegistrationPage_NewLoan_COILP(BorrowerRegistrationpage.java:4997)
	at Test.CO_ILP.Executionbatchfile_CO_ILP.LonI_DFLT_Pymt_15percentofDFLTamt_EODbatchprocess_DFLTPLUS120(Executionbatchfile_CO_ILP.java:37564)
	at sun.reflect.NativeMethodAccessorImpl.invoke0(Native Method)
	at sun.reflect.NativeMethodAccessorImpl.invoke(Unknown Source)
	at sun.reflect.DelegatingMethodAccessorImpl.invoke(Unknown Source)
	at java.lang.reflect.Method.invoke(Unknown Source)
	at org.testng.internal.MethodInvocationHelper.invokeMethod(MethodInvocationHelper.java:85)
	at org.testng.internal.Invoker.invokeMethod(Invoker.java:639)
	at org.testng.internal.Invoker.invokeTestMethod(Invoker.java:816)
	at org.testng.internal.Invoker.invokeTestMethods(Invoker.java:1124)
	at org.testng.internal.TestMethodWorker.invokeTestMethods(TestMethodWorker.java:125)
	at org.testng.internal.TestMethodWorker.run(TestMethodWorker.java:108)
	at org.testng.TestRunner.privateRun(TestRunner.java:774)
	at org.testng.TestRunner.run(TestRunner.java:624)
	at org.testng.SuiteRunner.runTest(SuiteRunner.java:359)
	at org.testng.SuiteRunner.runSequentially(SuiteRunner.java:354)
	at org.testng.SuiteRunner.privateRun(SuiteRunner.java:312)
	at org.testng.SuiteRunner.run(SuiteRunner.java:261)
	at org.testng.SuiteRunnerWorker.runSuite(SuiteRunnerWorker.java:52)
	at org.testng.SuiteRunnerWorker.run(SuiteRunnerWorker.java:86)
	at org.testng.TestNG.runSuitesSequentially(TestNG.java:1215)
	at org.testng.TestNG.runSuitesLocally(TestNG.java:1140)
	at org.testng.TestNG.run(TestNG.java:1048)
	at org.testng.TestNG.privateMain(TestNG.java:1355)
	at org.testng.TestNG.main(TestNG.java:1324)
]]>
            </full-stacktrace>
          </exception> <!-- org.openqa.selenium.NoSuchFrameException -->
          <reporter-output>
          </reporter-output>
        </test-method> <!-- LonI_DFLT_Pymt_15percentofDFLTamt_EODbatchprocess_DFLTPLUS120 -->
        <test-method status="PASS" signature="getResult(org.testng.ITestResult)[pri:0, instance:Test.CO_ILP.Executionbatchfile_CO_ILP@3f0ee7cb]" name="getResult" is-config="true" duration-ms="140" started-at="2019-05-24T03:05:22Z" finished-at="2019-05-24T03:05:22Z">
          <params>
            <param index="0">
              <value>
                <![CDATA[[TestResult name=LonI_DFLT_Pymt_15percentofDFLTamt_EODbatchprocess_DFLTPLUS120 status=FAILURE method=Executionbatchfile_CO_ILP.LonI_DFLT_Pymt_15percentofDFLTamt_EODbatchprocess_DFLTPLUS120()[pri:55, instance:Test.CO_ILP.Executionbatchfile_CO_ILP@3f0ee7cb] output={null}]]]>
              </value>
            </param>
          </params>
          <reporter-output>
          </reporter-output>
        </test-method> <!-- getResult -->
        <test-method status="PASS" signature="tearDown()[pri:0, instance:Test.CO_ILP.Executionbatchfile_CO_ILP@3f0ee7cb]" name="tearDown" is-config="true" duration-ms="15" started-at="2019-05-24T03:05:22Z" finished-at="2019-05-24T03:05:22Z">
          <reporter-output>
          </reporter-output>
        </test-method> <!-- tearDown -->
        <test-method status="FAIL" signature="LonI_DFLT_Pymt_20percentofDFLTamt_EODbatchprocess_DFLTPLUS60()[pri:56, instance:Test.CO_ILP.Executionbatchfile_CO_ILP@3f0ee7cb]" name="LonI_DFLT_Pymt_20percentofDFLTamt_EODbatchprocess_DFLTPLUS60" duration-ms="67536" started-at="2019-05-24T03:05:22Z" finished-at="2019-05-24T03:06:29Z">
          <exception class="org.openqa.selenium.NoSuchFrameException">
            <message>
              <![CDATA[No frame element found by name or id topFrame
Build info: version: '3.11.0', revision: 'e59cfb3', time: '2018-03-11T20:33:08.638Z'
System info: host: 'QTLSYS2-34', ip: '192.168.2.34', os.name: 'Windows 7', os.arch: 'amd64', os.version: '6.1', java.version: '1.8.0_202'
Driver info: driver.version: unknown]]>
            </message>
            <full-stacktrace>
              <![CDATA[org.openqa.selenium.NoSuchFrameException: No frame element found by name or id topFrame
Build info: version: '3.11.0', revision: 'e59cfb3', time: '2018-03-11T20:33:08.638Z'
System info: host: 'QTLSYS2-34', ip: '192.168.2.34', os.name: 'Windows 7', os.arch: 'amd64', os.version: '6.1', java.version: '1.8.0_202'
Driver info: driver.version: unknown
	at org.openqa.selenium.remote.RemoteWebDriver$RemoteTargetLocator.frame(RemoteWebDriver.java:884)
	at Pages.BorrowerRegistrationpage.RegistrationPage_NewLoan_COILP(BorrowerRegistrationpage.java:4997)
	at Test.CO_ILP.Executionbatchfile_CO_ILP.LonI_DFLT_Pymt_20percentofDFLTamt_EODbatchprocess_DFLTPLUS60(Executionbatchfile_CO_ILP.java:37614)
	at sun.reflect.NativeMethodAccessorImpl.invoke0(Native Method)
	at sun.reflect.NativeMethodAccessorImpl.invoke(Unknown Source)
	at sun.reflect.DelegatingMethodAccessorImpl.invoke(Unknown Source)
	at java.lang.reflect.Method.invoke(Unknown Source)
	at org.testng.internal.MethodInvocationHelper.invokeMethod(MethodInvocationHelper.java:85)
	at org.testng.internal.Invoker.invokeMethod(Invoker.java:639)
	at org.testng.internal.Invoker.invokeTestMethod(Invoker.java:816)
	at org.testng.internal.Invoker.invokeTestMethods(Invoker.java:1124)
	at org.testng.internal.TestMethodWorker.invokeTestMethods(TestMethodWorker.java:125)
	at org.testng.internal.TestMethodWorker.run(TestMethodWorker.java:108)
	at org.testng.TestRunner.privateRun(TestRunner.java:774)
	at org.testng.TestRunner.run(TestRunner.java:624)
	at org.testng.SuiteRunner.runTest(SuiteRunner.java:359)
	at org.testng.SuiteRunner.runSequentially(SuiteRunner.java:354)
	at org.testng.SuiteRunner.privateRun(SuiteRunner.java:312)
	at org.testng.SuiteRunner.run(SuiteRunner.java:261)
	at org.testng.SuiteRunnerWorker.runSuite(SuiteRunnerWorker.java:52)
	at org.testng.SuiteRunnerWorker.run(SuiteRunnerWorker.java:86)
	at org.testng.TestNG.runSuitesSequentially(TestNG.java:1215)
	at org.testng.TestNG.runSuitesLocally(TestNG.java:1140)
	at org.testng.TestNG.run(TestNG.java:1048)
	at org.testng.TestNG.privateMain(TestNG.java:1355)
	at org.testng.TestNG.main(TestNG.java:1324)
]]>
            </full-stacktrace>
          </exception> <!-- org.openqa.selenium.NoSuchFrameException -->
          <reporter-output>
          </reporter-output>
        </test-method> <!-- LonI_DFLT_Pymt_20percentofDFLTamt_EODbatchprocess_DFLTPLUS60 -->
        <test-method status="PASS" signature="getResult(org.testng.ITestResult)[pri:0, instance:Test.CO_ILP.Executionbatchfile_CO_ILP@3f0ee7cb]" name="getResult" is-config="true" duration-ms="137" started-at="2019-05-24T03:06:29Z" finished-at="2019-05-24T03:06:29Z">
          <params>
            <param index="0">
              <value>
                <![CDATA[[TestResult name=LonI_DFLT_Pymt_20percentofDFLTamt_EODbatchprocess_DFLTPLUS60 status=FAILURE method=Executionbatchfile_CO_ILP.LonI_DFLT_Pymt_20percentofDFLTamt_EODbatchprocess_DFLTPLUS60()[pri:56, instance:Test.CO_ILP.Executionbatchfile_CO_ILP@3f0ee7cb] output={null}]]]>
              </value>
            </param>
          </params>
          <reporter-output>
          </reporter-output>
        </test-method> <!-- getResult -->
        <test-method status="PASS" signature="tearDown()[pri:0, instance:Test.CO_ILP.Executionbatchfile_CO_ILP@3f0ee7cb]" name="tearDown" is-config="true" duration-ms="17" started-at="2019-05-24T03:06:29Z" finished-at="2019-05-24T03:06:29Z">
          <reporter-output>
          </reporter-output>
        </test-method> <!-- tearDown -->
        <test-method status="FAIL" signature="Loan_DFLT_30PerDFLTPmt_void_EODBatchProcessDFLTdate60days_()[pri:57, instance:Test.CO_ILP.Executionbatchfile_CO_ILP@3f0ee7cb]" name="Loan_DFLT_30PerDFLTPmt_void_EODBatchProcessDFLTdate60days_" duration-ms="66942" started-at="2019-05-24T03:06:29Z" finished-at="2019-05-24T03:07:36Z">
          <exception class="org.openqa.selenium.NoSuchFrameException">
            <message>
              <![CDATA[No frame element found by name or id topFrame
Build info: version: '3.11.0', revision: 'e59cfb3', time: '2018-03-11T20:33:08.638Z'
System info: host: 'QTLSYS2-34', ip: '192.168.2.34', os.name: 'Windows 7', os.arch: 'amd64', os.version: '6.1', java.version: '1.8.0_202'
Driver info: driver.version: unknown]]>
            </message>
            <full-stacktrace>
              <![CDATA[org.openqa.selenium.NoSuchFrameException: No frame element found by name or id topFrame
Build info: version: '3.11.0', revision: 'e59cfb3', time: '2018-03-11T20:33:08.638Z'
System info: host: 'QTLSYS2-34', ip: '192.168.2.34', os.name: 'Windows 7', os.arch: 'amd64', os.version: '6.1', java.version: '1.8.0_202'
Driver info: driver.version: unknown
	at org.openqa.selenium.remote.RemoteWebDriver$RemoteTargetLocator.frame(RemoteWebDriver.java:884)
	at Test.CO_ILP.Executionbatchfile_CO_ILP.RegistrationPage_NewLoan_ILP(Executionbatchfile_CO_ILP.java:10926)
	at Test.CO_ILP.Executionbatchfile_CO_ILP.Loan_DFLT_30PerDFLTPmt_void_EODBatchProcessDFLTdate60days_(Executionbatchfile_CO_ILP.java:37665)
	at sun.reflect.NativeMethodAccessorImpl.invoke0(Native Method)
	at sun.reflect.NativeMethodAccessorImpl.invoke(Unknown Source)
	at sun.reflect.DelegatingMethodAccessorImpl.invoke(Unknown Source)
	at java.lang.reflect.Method.invoke(Unknown Source)
	at org.testng.internal.MethodInvocationHelper.invokeMethod(MethodInvocationHelper.java:85)
	at org.testng.internal.Invoker.invokeMethod(Invoker.java:639)
	at org.testng.internal.Invoker.invokeTestMethod(Invoker.java:816)
	at org.testng.internal.Invoker.invokeTestMethods(Invoker.java:1124)
	at org.testng.internal.TestMethodWorker.invokeTestMethods(TestMethodWorker.java:125)
	at org.testng.internal.TestMethodWorker.run(TestMethodWorker.java:108)
	at org.testng.TestRunner.privateRun(TestRunner.java:774)
	at org.testng.TestRunner.run(TestRunner.java:624)
	at org.testng.SuiteRunner.runTest(SuiteRunner.java:359)
	at org.testng.SuiteRunner.runSequentially(SuiteRunner.java:354)
	at org.testng.SuiteRunner.privateRun(SuiteRunner.java:312)
	at org.testng.SuiteRunner.run(SuiteRunner.java:261)
	at org.testng.SuiteRunnerWorker.runSuite(SuiteRunnerWorker.java:52)
	at org.testng.SuiteRunnerWorker.run(SuiteRunnerWorker.java:86)
	at org.testng.TestNG.runSuitesSequentially(TestNG.java:1215)
	at org.testng.TestNG.runSuitesLocally(TestNG.java:1140)
	at org.testng.TestNG.run(TestNG.java:1048)
	at org.testng.TestNG.privateMain(TestNG.java:1355)
	at org.testng.TestNG.main(TestNG.java:1324)
]]>
            </full-stacktrace>
          </exception> <!-- org.openqa.selenium.NoSuchFrameException -->
          <reporter-output>
          </reporter-output>
        </test-method> <!-- Loan_DFLT_30PerDFLTPmt_void_EODBatchProcessDFLTdate60days_ -->
        <test-method status="PASS" signature="getResult(org.testng.ITestResult)[pri:0, instance:Test.CO_ILP.Executionbatchfile_CO_ILP@3f0ee7cb]" name="getResult" is-config="true" duration-ms="163" started-at="2019-05-24T03:07:36Z" finished-at="2019-05-24T03:07:37Z">
          <params>
            <param index="0">
              <value>
                <![CDATA[[TestResult name=Loan_DFLT_30PerDFLTPmt_void_EODBatchProcessDFLTdate60days_ status=FAILURE method=Executionbatchfile_CO_ILP.Loan_DFLT_30PerDFLTPmt_void_EODBatchProcessDFLTdate60days_()[pri:57, instance:Test.CO_ILP.Executionbatchfile_CO_ILP@3f0ee7cb] output={null}]]]>
              </value>
            </param>
          </params>
          <reporter-output>
          </reporter-output>
        </test-method> <!-- getResult -->
        <test-method status="PASS" signature="tearDown()[pri:0, instance:Test.CO_ILP.Executionbatchfile_CO_ILP@3f0ee7cb]" name="tearDown" is-config="true" duration-ms="14" started-at="2019-05-24T03:07:37Z" finished-at="2019-05-24T03:07:37Z">
          <reporter-output>
          </reporter-output>
        </test-method> <!-- tearDown -->
        <test-method status="FAIL" signature="Loan_DFLT_WO_WORecFullWithAllTenderTypes_()[pri:58, instance:Test.CO_ILP.Executionbatchfile_CO_ILP@3f0ee7cb]" name="Loan_DFLT_WO_WORecFullWithAllTenderTypes_" duration-ms="67213" started-at="2019-05-24T03:07:37Z" finished-at="2019-05-24T03:08:44Z">
          <exception class="org.openqa.selenium.NoSuchFrameException">
            <message>
              <![CDATA[No frame element found by name or id topFrame
Build info: version: '3.11.0', revision: 'e59cfb3', time: '2018-03-11T20:33:08.638Z'
System info: host: 'QTLSYS2-34', ip: '192.168.2.34', os.name: 'Windows 7', os.arch: 'amd64', os.version: '6.1', java.version: '1.8.0_202'
Driver info: driver.version: unknown]]>
            </message>
            <full-stacktrace>
              <![CDATA[org.openqa.selenium.NoSuchFrameException: No frame element found by name or id topFrame
Build info: version: '3.11.0', revision: 'e59cfb3', time: '2018-03-11T20:33:08.638Z'
System info: host: 'QTLSYS2-34', ip: '192.168.2.34', os.name: 'Windows 7', os.arch: 'amd64', os.version: '6.1', java.version: '1.8.0_202'
Driver info: driver.version: unknown
	at org.openqa.selenium.remote.RemoteWebDriver$RemoteTargetLocator.frame(RemoteWebDriver.java:884)
	at Test.CO_ILP.Executionbatchfile_CO_ILP.RegistrationPage_NewLoan_ILP(Executionbatchfile_CO_ILP.java:10926)
	at Test.CO_ILP.Executionbatchfile_CO_ILP.Loan_DFLT_WO_WORecFullWithAllTenderTypes_(Executionbatchfile_CO_ILP.java:37727)
	at sun.reflect.NativeMethodAccessorImpl.invoke0(Native Method)
	at sun.reflect.NativeMethodAccessorImpl.invoke(Unknown Source)
	at sun.reflect.DelegatingMethodAccessorImpl.invoke(Unknown Source)
	at java.lang.reflect.Method.invoke(Unknown Source)
	at org.testng.internal.MethodInvocationHelper.invokeMethod(MethodInvocationHelper.java:85)
	at org.testng.internal.Invoker.invokeMethod(Invoker.java:639)
	at org.testng.internal.Invoker.invokeTestMethod(Invoker.java:816)
	at org.testng.internal.Invoker.invokeTestMethods(Invoker.java:1124)
	at org.testng.internal.TestMethodWorker.invokeTestMethods(TestMethodWorker.java:125)
	at org.testng.internal.TestMethodWorker.run(TestMethodWorker.java:108)
	at org.testng.TestRunner.privateRun(TestRunner.java:774)
	at org.testng.TestRunner.run(TestRunner.java:624)
	at org.testng.SuiteRunner.runTest(SuiteRunner.java:359)
	at org.testng.SuiteRunner.runSequentially(SuiteRunner.java:354)
	at org.testng.SuiteRunner.privateRun(SuiteRunner.java:312)
	at org.testng.SuiteRunner.run(SuiteRunner.java:261)
	at org.testng.SuiteRunnerWorker.runSuite(SuiteRunnerWorker.java:52)
	at org.testng.SuiteRunnerWorker.run(SuiteRunnerWorker.java:86)
	at org.testng.TestNG.runSuitesSequentially(TestNG.java:1215)
	at org.testng.TestNG.runSuitesLocally(TestNG.java:1140)
	at org.testng.TestNG.run(TestNG.java:1048)
	at org.testng.TestNG.privateMain(TestNG.java:1355)
	at org.testng.TestNG.main(TestNG.java:1324)
]]>
            </full-stacktrace>
          </exception> <!-- org.openqa.selenium.NoSuchFrameException -->
          <reporter-output>
          </reporter-output>
        </test-method> <!-- Loan_DFLT_WO_WORecFullWithAllTenderTypes_ -->
        <test-method status="PASS" signature="getResult(org.testng.ITestResult)[pri:0, instance:Test.CO_ILP.Executionbatchfile_CO_ILP@3f0ee7cb]" name="getResult" is-config="true" duration-ms="241" started-at="2019-05-24T03:08:44Z" finished-at="2019-05-24T03:08:44Z">
          <params>
            <param index="0">
              <value>
                <![CDATA[[TestResult name=Loan_DFLT_WO_WORecFullWithAllTenderTypes_ status=FAILURE method=Executionbatchfile_CO_ILP.Loan_DFLT_WO_WORecFullWithAllTenderTypes_()[pri:58, instance:Test.CO_ILP.Executionbatchfile_CO_ILP@3f0ee7cb] output={null}]]]>
              </value>
            </param>
          </params>
          <reporter-output>
          </reporter-output>
        </test-method> <!-- getResult -->
        <test-method status="PASS" signature="tearDown()[pri:0, instance:Test.CO_ILP.Executionbatchfile_CO_ILP@3f0ee7cb]" name="tearDown" is-config="true" duration-ms="17" started-at="2019-05-24T03:08:44Z" finished-at="2019-05-24T03:08:44Z">
          <reporter-output>
          </reporter-output>
        </test-method> <!-- tearDown -->
        <test-method status="PASS" signature="quit()[pri:0, instance:Test.CO_ILP.Executionbatchfile_CO_ILP@3f0ee7cb]" name="quit" is-config="true" duration-ms="564" started-at="2019-05-24T03:08:44Z" finished-at="2019-05-24T03:08:45Z">
          <reporter-output>
          </reporter-output>
        </test-method> <!-- quit -->
        <test-method status="PASS" signature="tearDown()[pri:0, instance:Test.CO_ILP.Executionbatchfile_CO_ILP@3f0ee7cb]" name="tearDown" is-config="true" duration-ms="30" started-at="2019-05-24T03:08:45Z" finished-at="2019-05-24T03:08:45Z">
          <reporter-output>
          </reporter-output>
        </test-method> <!-- tearDown -->
      </class> <!-- Test.CO_ILP.Executionbatchfile_CO_ILP -->
    </test> <!-- Test -->
  </suite> <!-- Suite -->
</testng-results>
